{"contracts/AuctionEngine.sol":{"l":{"28":6,"50":1,"52":1,"57":1,"68":1,"70":1,"80":0,"81":0,"83":0,"85":0,"87":0,"92":0,"93":0,"94":0,"95":0,"96":0,"97":0,"98":0,"100":0,"102":0,"103":0,"106":0,"109":0},"path":"/Users/maratshakirov/Documents/Projects/Auction/contracts/AuctionEngine.sol","s":{"1":6,"2":1,"3":1,"4":1,"5":1,"6":1,"7":0,"8":0,"9":0,"10":0,"11":0,"12":0,"13":0,"14":0,"15":0,"16":0,"17":0,"18":0,"19":0,"20":0,"21":0,"22":0,"23":0},"b":{"1":[1,0],"2":[0,0],"3":[0,0],"4":[0,0],"5":[0,0],"6":[0,0]},"f":{"1":6,"2":1,"3":0,"4":0},"fnMap":{"1":{"name":"constructor","line":27,"loc":{"start":{"line":27,"column":4},"end":{"line":29,"column":4}}},"2":{"name":"createAuction","line":44,"loc":{"start":{"line":44,"column":4},"end":{"line":76,"column":4}}},"3":{"name":"getPrice","line":79,"loc":{"start":{"line":79,"column":4},"end":{"line":88,"column":4}}},"4":{"name":"buy","line":91,"loc":{"start":{"line":91,"column":4},"end":{"line":110,"column":4}}}},"statementMap":{"1":{"start":{"line":28,"column":8},"end":{"line":28,"column":25}},"2":{"start":{"line":50,"column":8},"end":{"line":50,"column":61}},"3":{"start":{"line":52,"column":8},"end":{"line":52,"column":1126}},"4":{"start":{"line":57,"column":8},"end":{"line":57,"column":1252}},"5":{"start":{"line":68,"column":8},"end":{"line":68,"column":32}},"6":{"start":{"line":70,"column":8},"end":{"line":70,"column":1649}},"7":{"start":{"line":80,"column":8},"end":{"line":80,"column":55}},"8":{"start":{"line":81,"column":8},"end":{"line":81,"column":62}},"9":{"start":{"line":83,"column":8},"end":{"line":83,"column":63}},"10":{"start":{"line":85,"column":8},"end":{"line":85,"column":61}},"11":{"start":{"line":87,"column":8},"end":{"line":87,"column":54}},"12":{"start":{"line":92,"column":8},"end":{"line":92,"column":57}},"13":{"start":{"line":93,"column":8},"end":{"line":93,"column":62}},"14":{"start":{"line":94,"column":8},"end":{"line":94,"column":64}},"15":{"start":{"line":95,"column":8},"end":{"line":95,"column":43}},"16":{"start":{"line":96,"column":8},"end":{"line":96,"column":61}},"17":{"start":{"line":97,"column":8},"end":{"line":97,"column":36}},"18":{"start":{"line":98,"column":8},"end":{"line":98,"column":47}},"19":{"start":{"line":100,"column":8},"end":{"line":100,"column":46}},"20":{"start":{"line":102,"column":8},"end":{"line":102,"column":2985}},"21":{"start":{"line":103,"column":12},"end":{"line":103,"column":47}},"22":{"start":{"line":106,"column":8},"end":{"line":106,"column":3153}},"23":{"start":{"line":109,"column":8},"end":{"line":109,"column":58}}},"branchMap":{"1":{"line":52,"type":"if","locations":[{"start":{"line":52,"column":8},"end":{"line":52,"column":8}},{"start":{"line":52,"column":8},"end":{"line":52,"column":8}}]},"2":{"line":81,"type":"if","locations":[{"start":{"line":81,"column":8},"end":{"line":81,"column":8}},{"start":{"line":81,"column":8},"end":{"line":81,"column":8}}]},"3":{"line":93,"type":"if","locations":[{"start":{"line":93,"column":8},"end":{"line":93,"column":8}},{"start":{"line":93,"column":8},"end":{"line":93,"column":8}}]},"4":{"line":94,"type":"if","locations":[{"start":{"line":94,"column":8},"end":{"line":94,"column":8}},{"start":{"line":94,"column":8},"end":{"line":94,"column":8}}]},"5":{"line":96,"type":"if","locations":[{"start":{"line":96,"column":8},"end":{"line":96,"column":8}},{"start":{"line":96,"column":8},"end":{"line":96,"column":8}}]},"6":{"line":102,"type":"if","locations":[{"start":{"line":102,"column":8},"end":{"line":102,"column":8}},{"start":{"line":102,"column":8},"end":{"line":102,"column":8}}]}}}}