TN:
SF:/Users/maratshakirov/Documents/Projects/Auction/contracts/AuctionEngine.sol
FN:27,constructor
FN:44,createAuction
FN:79,getPrice
FN:91,buy
FNF:4
FNH:2
FNDA:6,constructor
FNDA:1,createAuction
FNDA:0,getPrice
FNDA:0,buy
DA:28,6
DA:50,1
DA:52,1
DA:57,1
DA:68,1
DA:70,1
DA:80,0
DA:81,0
DA:83,0
DA:85,0
DA:87,0
DA:92,0
DA:93,0
DA:94,0
DA:95,0
DA:96,0
DA:97,0
DA:98,0
DA:100,0
DA:102,0
DA:103,0
DA:106,0
DA:109,0
LF:23
LH:6
BRDA:52,1,0,1
BRDA:52,1,1,0
BRDA:81,2,0,0
BRDA:81,2,1,0
BRDA:93,3,0,0
BRDA:93,3,1,0
BRDA:94,4,0,0
BRDA:94,4,1,0
BRDA:96,5,0,0
BRDA:96,5,1,0
BRDA:102,6,0,0
BRDA:102,6,1,0
BRF:12
BRH:1
end_of_record
